#! /usr/bin/vvp
:ivl_version "10.3 (stable)";
:ivl_delay_selection "TYPICAL";
:vpi_time_precision + 0;
:vpi_module "system";
:vpi_module "vhdl_sys";
:vpi_module "v2005_math";
:vpi_module "va_math";
S_0x55baf3ccf060 .scope module, "top" "top" 2 1;
 .timescale 0 0;
v0x55baf3ce5650_0 .var "a", 0 0;
v0x55baf3ce5710_0 .var "b", 0 0;
v0x55baf3ce57e0_0 .var "c", 0 0;
v0x55baf3ce58e0_0 .var "d", 0 0;
v0x55baf3ce59b0_0 .net "out", 0 0, L_0x55baf3ce62a0;  1 drivers
v0x55baf3ce5a50_0 .var "s0", 0 0;
v0x55baf3ce5b20_0 .var "s1", 0 0;
E_0x55baf3cccc80/0 .event edge, v0x55baf3ce53f0_0, v0x55baf3ce5270_0, v0x55baf3ce50f0_0, v0x55baf3ce5030_0;
E_0x55baf3cccc80/1 .event edge, v0x55baf3ce4f70_0, v0x55baf3ce4e60_0;
E_0x55baf3cccc80 .event/or E_0x55baf3cccc80/0, E_0x55baf3cccc80/1;
S_0x55baf3ccf1e0 .scope module, "name" "iiitb_mux" 2 10, 3 1 0, S_0x55baf3ccf060;
 .timescale 0 0;
    .port_info 0 /OUTPUT 1 "out"
    .port_info 1 /INPUT 1 "a"
    .port_info 2 /INPUT 1 "b"
    .port_info 3 /INPUT 1 "c"
    .port_info 4 /INPUT 1 "d"
    .port_info 5 /INPUT 1 "s0"
    .port_info 6 /INPUT 1 "s1"
L_0x55baf3ce5bf0 .functor NOT 1, v0x55baf3ce5a50_0, C4<0>, C4<0>, C4<0>;
L_0x55baf3ce5ce0 .functor NOT 1, v0x55baf3ce5b20_0, C4<0>, C4<0>, C4<0>;
L_0x55baf3ce5da0 .functor AND 1, v0x55baf3ce5650_0, L_0x55baf3ce5bf0, L_0x55baf3ce5ce0, C4<1>;
L_0x55baf3ce5f30 .functor AND 1, v0x55baf3ce5710_0, L_0x55baf3ce5bf0, v0x55baf3ce5b20_0, C4<1>;
L_0x55baf3ce6020 .functor AND 1, v0x55baf3ce57e0_0, v0x55baf3ce5a50_0, L_0x55baf3ce5ce0, C4<1>;
L_0x55baf3ce60e0 .functor AND 1, v0x55baf3ce58e0_0, v0x55baf3ce5a50_0, v0x55baf3ce5b20_0, C4<1>;
L_0x55baf3ce62a0 .functor OR 1, L_0x55baf3ce5da0, L_0x55baf3ce5f30, L_0x55baf3ce6020, L_0x55baf3ce60e0;
v0x55baf3c970e0_0 .net "T1", 0 0, L_0x55baf3ce5da0;  1 drivers
v0x55baf3ce4c40_0 .net "T2", 0 0, L_0x55baf3ce5f30;  1 drivers
v0x55baf3ce4d00_0 .net "T3", 0 0, L_0x55baf3ce6020;  1 drivers
v0x55baf3ce4da0_0 .net "T4", 0 0, L_0x55baf3ce60e0;  1 drivers
v0x55baf3ce4e60_0 .net "a", 0 0, v0x55baf3ce5650_0;  1 drivers
v0x55baf3ce4f70_0 .net "b", 0 0, v0x55baf3ce5710_0;  1 drivers
v0x55baf3ce5030_0 .net "c", 0 0, v0x55baf3ce57e0_0;  1 drivers
v0x55baf3ce50f0_0 .net "d", 0 0, v0x55baf3ce58e0_0;  1 drivers
v0x55baf3ce51b0_0 .net "out", 0 0, L_0x55baf3ce62a0;  alias, 1 drivers
v0x55baf3ce5270_0 .net "s0", 0 0, v0x55baf3ce5a50_0;  1 drivers
v0x55baf3ce5330_0 .net "s0bar", 0 0, L_0x55baf3ce5bf0;  1 drivers
v0x55baf3ce53f0_0 .net "s1", 0 0, v0x55baf3ce5b20_0;  1 drivers
v0x55baf3ce54b0_0 .net "s1bar", 0 0, L_0x55baf3ce5ce0;  1 drivers
    .scope S_0x55baf3ccf060;
T_0 ;
    %vpi_call 2 13 "$dumpfile", "test.vcd" {0 0 0};
    %vpi_call 2 14 "$dumpvars", 32'sb00000000000000000000000000000000, S_0x55baf3ccf060 {0 0 0};
    %pushi/vec4 0, 0, 1;
    %store/vec4 v0x55baf3ce5650_0, 0, 1;
    %pushi/vec4 0, 0, 1;
    %store/vec4 v0x55baf3ce5710_0, 0, 1;
    %pushi/vec4 0, 0, 1;
    %store/vec4 v0x55baf3ce57e0_0, 0, 1;
    %pushi/vec4 0, 0, 1;
    %store/vec4 v0x55baf3ce58e0_0, 0, 1;
    %pushi/vec4 0, 0, 1;
    %store/vec4 v0x55baf3ce5a50_0, 0, 1;
    %pushi/vec4 0, 0, 1;
    %store/vec4 v0x55baf3ce5b20_0, 0, 1;
    %delay 500, 0;
    %vpi_call 2 17 "$finish" {0 0 0};
    %end;
    .thread T_0;
    .scope S_0x55baf3ccf060;
T_1 ;
    %delay 40, 0;
    %load/vec4 v0x55baf3ce5650_0;
    %inv;
    %store/vec4 v0x55baf3ce5650_0, 0, 1;
    %jmp T_1;
    .thread T_1;
    .scope S_0x55baf3ccf060;
T_2 ;
    %delay 20, 0;
    %load/vec4 v0x55baf3ce5710_0;
    %inv;
    %store/vec4 v0x55baf3ce5710_0, 0, 1;
    %jmp T_2;
    .thread T_2;
    .scope S_0x55baf3ccf060;
T_3 ;
    %delay 10, 0;
    %load/vec4 v0x55baf3ce57e0_0;
    %inv;
    %store/vec4 v0x55baf3ce57e0_0, 0, 1;
    %jmp T_3;
    .thread T_3;
    .scope S_0x55baf3ccf060;
T_4 ;
    %delay 5, 0;
    %load/vec4 v0x55baf3ce58e0_0;
    %inv;
    %store/vec4 v0x55baf3ce58e0_0, 0, 1;
    %jmp T_4;
    .thread T_4;
    .scope S_0x55baf3ccf060;
T_5 ;
    %delay 80, 0;
    %load/vec4 v0x55baf3ce5a50_0;
    %inv;
    %store/vec4 v0x55baf3ce5a50_0, 0, 1;
    %jmp T_5;
    .thread T_5;
    .scope S_0x55baf3ccf060;
T_6 ;
    %delay 160, 0;
    %load/vec4 v0x55baf3ce5b20_0;
    %inv;
    %store/vec4 v0x55baf3ce5b20_0, 0, 1;
    %jmp T_6;
    .thread T_6;
    .scope S_0x55baf3ccf060;
T_7 ;
    %wait E_0x55baf3cccc80;
    %vpi_call 2 29 "$monitor", "At time = %t, Output = %d", $time, v0x55baf3ce59b0_0 {0 0 0};
    %jmp T_7;
    .thread T_7, $push;
# The file index is used to find the file name in the following table.
:file_names 4;
    "N/A";
    "<interactive>";
    "iiitb_mux_tb.v";
    "iiitb_mux.v";
